<?xml version="1.0" encoding="UTF-8"?>
<testng-results ignored="0" total="1" passed="1" failed="0" skipped="0">
  <reporter-output>
  </reporter-output>
  <suite started-at="2022-04-05T15:58:33 GMT-06:00" name="Suite" finished-at="2022-04-05T15:58:33 GMT-06:00" duration-ms="69">
    <groups>
    </groups>
    <test started-at="2022-04-05T15:58:33 GMT-06:00" name="Test" finished-at="2022-04-05T15:58:33 GMT-06:00" duration-ms="69">
      <class name="testcases.SampleTest">
        <test-method signature="test1()[pri:0, instance:testcases.SampleTest@2e1d27ba]" started-at="2022-04-05T15:58:33 GMT-06:00" name="test1" finished-at="2022-04-05T15:58:33 GMT-06:00" duration-ms="11" status="PASS">
          <reporter-output>
          </reporter-output>
        </test-method> <!-- test1 -->
      </class> <!-- testcases.SampleTest -->
    </test> <!-- Test -->
  </suite> <!-- Suite -->
</testng-results>
